2026-05-21 03:43:42 [[32minfo[39m]: MongoDB Connected: ac-tk1cw0c-shard-00-02.ten2rwl.mongodb.net
2026-05-21 03:43:56 [[32minfo[39m]: ЁЯЪА Server running on http://localhost:5000
2026-05-21 03:43:57 [[32minfo[39m]: MongoDB Connected: ac-tk1cw0c-shard-00-01.ten2rwl.mongodb.net
2026-05-21 03:49:13 [[32minfo[39m]: ЁЯЪА Server running on http://localhost:5000
2026-05-21 03:49:13 [[32minfo[39m]: MongoDB Connected: ac-tk1cw0c-shard-00-00.ten2rwl.mongodb.net
2026-05-21 14:12:41 [[32minfo[39m]: MongoDB reconnected successfully.
2026-05-21 14:12:41 [[32minfo[39m]: MongoDB reconnected successfully.
2026-05-21 14:12:52 [[33mwarn[39m]: MongoDB disconnected. Attempting to reconnect...
2026-05-21 14:12:52 [[32minfo[39m]: MongoDB reconnected successfully.
2026-05-21 14:54:53 [[33mwarn[39m]: MongoDB disconnected. Attempting to reconnect...
2026-05-21 14:55:04 [[32minfo[39m]: MongoDB reconnected successfully.
2026-05-21 16:43:36 [[32minfo[39m]: ЁЯЯв Redis Connected successfully
2026-05-21 16:43:36 [[32minfo[39m]: MongoDB Connected: ac-tk1cw0c-shard-00-01.ten2rwl.mongodb.net
2026-05-21 16:43:39 [[33mwarn[39m]: MongoDB disconnected. Attempting to reconnect...
2026-05-21 16:43:41 [[32minfo[39m]: ЁЯЯв Redis Connected successfully
2026-05-21 16:43:42 [[32minfo[39m]: MongoDB Connected: ac-tk1cw0c-shard-00-00.ten2rwl.mongodb.net
2026-05-21 16:43:45 [[33mwarn[39m]: MongoDB disconnected. Attempting to reconnect...
2026-05-21 16:43:46 [[32minfo[39m]: ЁЯЯв Redis Connected successfully
2026-05-21 16:43:47 [[32minfo[39m]: MongoDB Connected: ac-tk1cw0c-shard-00-01.ten2rwl.mongodb.net
2026-05-21 16:43:52 [[33mwarn[39m]: MongoDB disconnected. Attempting to reconnect...
